<?xml version="1.0" encoding="UTF-8"?>
<!-- Generated by org.testng.reporters.JUnitReportReporter -->
<testsuite hostname="TALG-840" failures="0" tests="1" name="testCases.Tests" time="0.010" errors="0" timestamp="2021-10-20T16:55:19 IDT" skipped="0">
  <testcase classname="testCases.Tests" name="maketest" time="0.010"/>
  <system-out/>
</testsuite> <!-- testCases.Tests -->
